[1219/153625.163:ERROR:directory_reader_win.cc(43)] FindFirstFile: The system cannot find the path specified. (0x3)
[1220/193002.681:ERROR:directory_reader_win.cc(43)] FindFirstFile: The system cannot find the path specified. (0x3)
[1222/190153.879:ERROR:directory_reader_win.cc(43)] FindFirstFile: The system cannot find the path specified. (0x3)
[1224/182424.087:ERROR:directory_reader_win.cc(43)] FindFirstFile: The system cannot find the path specified. (0x3)
[1224/182424.139:ERROR:filesystem_win.cc(129)] GetFileAttributes C:\Users\User\AppData\Local\AVAST Software\Browser\User Data\Crashpad\attachments\6f480028-9091-4246-b57f-a45f969fde6d: The system cannot find the path specified. (0x3)
[1224/182424.153:ERROR:filesystem_win.cc(129)] GetFileAttributes C:\Users\User\AppData\Local\AVAST Software\Browser\User Data\Crashpad\attachments\2c3651b0-2195-4f73-9804-9626aa0e6867: The system cannot find the path specified. (0x3)
[1224/182424.164:ERROR:filesystem_win.cc(129)] GetFileAttributes C:\Users\User\AppData\Local\AVAST Software\Browser\User Data\Crashpad\attachments\8b5c1d6d-ca66-428b-94b6-f9098b6d687e: The system cannot find the path specified. (0x3)
[1224/182424.175:ERROR:filesystem_win.cc(129)] GetFileAttributes C:\Users\User\AppData\Local\AVAST Software\Browser\User Data\Crashpad\attachments\7a3bf636-7d6c-4410-ad5e-17160ad17723: The system cannot find the path specified. (0x3)
[1224/182424.186:ERROR:filesystem_win.cc(129)] GetFileAttributes C:\Users\User\AppData\Local\AVAST Software\Browser\User Data\Crashpad\attachments\e73f662c-d823-4188-ab6b-b36f88ac9004: The system cannot find the path specified. (0x3)
[1224/182424.197:ERROR:filesystem_win.cc(129)] GetFileAttributes C:\Users\User\AppData\Local\AVAST Software\Browser\User Data\Crashpad\attachments\c4f21948-9fdc-4432-b32b-8ed05398947b: The system cannot find the path specified. (0x3)
[1224/182424.208:ERROR:filesystem_win.cc(129)] GetFileAttributes C:\Users\User\AppData\Local\AVAST Software\Browser\User Data\Crashpad\attachments\6c2724c4-95e7-4f0d-a009-6ba05c134579: The system cannot find the path specified. (0x3)
[1224/182424.218:ERROR:filesystem_win.cc(129)] GetFileAttributes C:\Users\User\AppData\Local\AVAST Software\Browser\User Data\Crashpad\attachments\5fdbf4d6-0a06-43c4-8b29-53724a093f26: The system cannot find the path specified. (0x3)
[1224/182424.229:ERROR:filesystem_win.cc(129)] GetFileAttributes C:\Users\User\AppData\Local\AVAST Software\Browser\User Data\Crashpad\attachments\4e6fff14-9e36-469b-bcaf-7e07e4ddbd1d: The system cannot find the path specified. (0x3)
[1224/182424.240:ERROR:filesystem_win.cc(129)] GetFileAttributes C:\Users\User\AppData\Local\AVAST Software\Browser\User Data\Crashpad\attachments\a15c8d85-f4cf-44f0-9497-28d344cd0f7c: The system cannot find the path specified. (0x3)
[1224/182424.250:ERROR:filesystem_win.cc(129)] GetFileAttributes C:\Users\User\AppData\Local\AVAST Software\Browser\User Data\Crashpad\attachments\5177f84f-b08d-4951-8a6a-8b2ec4ed9772: The system cannot find the path specified. (0x3)
[1224/182424.265:ERROR:filesystem_win.cc(129)] GetFileAttributes C:\Users\User\AppData\Local\AVAST Software\Browser\User Data\Crashpad\attachments\bd6f9c23-185a-45cf-ae9d-d092701cf03e: The system cannot find the path specified. (0x3)
[1224/182424.278:ERROR:filesystem_win.cc(129)] GetFileAttributes C:\Users\User\AppData\Local\AVAST Software\Browser\User Data\Crashpad\attachments\7d44e9ab-812c-49da-ad85-e8e40cd90235: The system cannot find the path specified. (0x3)
[1224/182424.288:ERROR:filesystem_win.cc(129)] GetFileAttributes C:\Users\User\AppData\Local\AVAST Software\Browser\User Data\Crashpad\attachments\6bbb3271-e7aa-46e0-87ec-7cd6b52afc87: The system cannot find the path specified. (0x3)
[1224/182424.301:ERROR:filesystem_win.cc(129)] GetFileAttributes C:\Users\User\AppData\Local\AVAST Software\Browser\User Data\Crashpad\attachments\85f3f0ae-1664-4282-8b65-e472e5f4ce9a: The system cannot find the path specified. (0x3)
[1224/182424.312:ERROR:filesystem_win.cc(129)] GetFileAttributes C:\Users\User\AppData\Local\AVAST Software\Browser\User Data\Crashpad\attachments\de7f1c83-263f-4f54-8fae-1eb7738f625d: The system cannot find the path specified. (0x3)
[1224/182424.324:ERROR:filesystem_win.cc(129)] GetFileAttributes C:\Users\User\AppData\Local\AVAST Software\Browser\User Data\Crashpad\attachments\80a41bed-80a2-424d-8976-650aa3b33cb2: The system cannot find the path specified. (0x3)
[1224/182424.335:ERROR:filesystem_win.cc(129)] GetFileAttributes C:\Users\User\AppData\Local\AVAST Software\Browser\User Data\Crashpad\attachments\95635c0b-a3a0-4e3e-a19f-dc402570b9ea: The system cannot find the path specified. (0x3)
[1224/182424.345:ERROR:filesystem_win.cc(129)] GetFileAttributes C:\Users\User\AppData\Local\AVAST Software\Browser\User Data\Crashpad\attachments\6829672c-ccec-46e2-bb28-8934a160d3b4: The system cannot find the path specified. (0x3)
[1224/182424.355:ERROR:filesystem_win.cc(129)] GetFileAttributes C:\Users\User\AppData\Local\AVAST Software\Browser\User Data\Crashpad\attachments\4b47d297-e062-456f-8779-59e1c11ccf78: The system cannot find the path specified. (0x3)
[1224/182424.365:ERROR:filesystem_win.cc(129)] GetFileAttributes C:\Users\User\AppData\Local\AVAST Software\Browser\User Data\Crashpad\attachments\746969ad-ff54-4c4f-847b-795c64b2e9c3: The system cannot find the path specified. (0x3)
[1224/182424.376:ERROR:filesystem_win.cc(129)] GetFileAttributes C:\Users\User\AppData\Local\AVAST Software\Browser\User Data\Crashpad\attachments\83c5138c-39de-444a-a125-84e67215159e: The system cannot find the path specified. (0x3)
[1224/182424.386:ERROR:filesystem_win.cc(129)] GetFileAttributes C:\Users\User\AppData\Local\AVAST Software\Browser\User Data\Crashpad\attachments\8794dff9-602d-4ba2-bff3-d3459505a657: The system cannot find the path specified. (0x3)
[1224/182424.397:ERROR:filesystem_win.cc(129)] GetFileAttributes C:\Users\User\AppData\Local\AVAST Software\Browser\User Data\Crashpad\attachments\52abd0d2-6da7-4b84-8d80-23a96aa17050: The system cannot find the path specified. (0x3)
[1224/182424.407:ERROR:filesystem_win.cc(129)] GetFileAttributes C:\Users\User\AppData\Local\AVAST Software\Browser\User Data\Crashpad\attachments\1aa0e9c1-b59e-4480-b18e-68424d7aa968: The system cannot find the path specified. (0x3)
[1224/182424.416:ERROR:filesystem_win.cc(129)] GetFileAttributes C:\Users\User\AppData\Local\AVAST Software\Browser\User Data\Crashpad\attachments\fc387595-be00-479f-bfb5-9592d01d057f: The system cannot find the path specified. (0x3)
[1224/182424.428:ERROR:filesystem_win.cc(129)] GetFileAttributes C:\Users\User\AppData\Local\AVAST Software\Browser\User Data\Crashpad\attachments\9879232e-3cca-45fc-ac6a-280c1de253e0: The system cannot find the path specified. (0x3)
[1224/182424.438:ERROR:filesystem_win.cc(129)] GetFileAttributes C:\Users\User\AppData\Local\AVAST Software\Browser\User Data\Crashpad\attachments\eec89227-d36b-488b-932c-f5c0b34b65b2: The system cannot find the path specified. (0x3)
[1224/182424.448:ERROR:filesystem_win.cc(129)] GetFileAttributes C:\Users\User\AppData\Local\AVAST Software\Browser\User Data\Crashpad\attachments\2f2701d4-1317-4769-8ea1-bd3e8fa590ce: The system cannot find the path specified. (0x3)
[1224/182424.458:ERROR:filesystem_win.cc(129)] GetFileAttributes C:\Users\User\AppData\Local\AVAST Software\Browser\User Data\Crashpad\attachments\9f721e54-fabd-4ddd-abda-dada429c953d: The system cannot find the path specified. (0x3)
[1224/182424.467:ERROR:filesystem_win.cc(129)] GetFileAttributes C:\Users\User\AppData\Local\AVAST Software\Browser\User Data\Crashpad\attachments\f5ded8a7-4ea3-457c-bbe1-4971f781c818: The system cannot find the path specified. (0x3)
[1224/182424.477:ERROR:filesystem_win.cc(129)] GetFileAttributes C:\Users\User\AppData\Local\AVAST Software\Browser\User Data\Crashpad\attachments\079d2c31-467e-4348-b2d2-19b595ad7493: The system cannot find the path specified. (0x3)
[1224/182424.486:ERROR:filesystem_win.cc(129)] GetFileAttributes C:\Users\User\AppData\Local\AVAST Software\Browser\User Data\Crashpad\attachments\71a4bc05-c862-449c-a245-cdd1990930d5: The system cannot find the path specified. (0x3)
[1224/182424.496:ERROR:filesystem_win.cc(129)] GetFileAttributes C:\Users\User\AppData\Local\AVAST Software\Browser\User Data\Crashpad\attachments\160bb5a7-ef2c-4e05-ad3c-0715f378e10c: The system cannot find the path specified. (0x3)
[1224/182424.506:ERROR:filesystem_win.cc(129)] GetFileAttributes C:\Users\User\AppData\Local\AVAST Software\Browser\User Data\Crashpad\attachments\d294584b-ca7b-4a6c-9a2a-27826b7e17b7: The system cannot find the path specified. (0x3)
[1224/182424.515:ERROR:filesystem_win.cc(129)] GetFileAttributes C:\Users\User\AppData\Local\AVAST Software\Browser\User Data\Crashpad\attachments\59a70d27-ca4c-4bfb-86af-fd14912e2bbd: The system cannot find the path specified. (0x3)
[1224/182424.524:ERROR:filesystem_win.cc(129)] GetFileAttributes C:\Users\User\AppData\Local\AVAST Software\Browser\User Data\Crashpad\attachments\600c21a2-b6e6-4f6f-8d28-2c01e3e3d9f7: The system cannot find the path specified. (0x3)
[1224/182424.535:ERROR:filesystem_win.cc(129)] GetFileAttributes C:\Users\User\AppData\Local\AVAST Software\Browser\User Data\Crashpad\attachments\9d3cf310-15f9-49e6-b085-8666eae7d7eb: The system cannot find the path specified. (0x3)
[1224/182424.545:ERROR:filesystem_win.cc(129)] GetFileAttributes C:\Users\User\AppData\Local\AVAST Software\Browser\User Data\Crashpad\attachments\373cb1c4-763c-42a3-8b60-e78a42268ac3: The system cannot find the path specified. (0x3)
[1224/182424.559:ERROR:filesystem_win.cc(129)] GetFileAttributes C:\Users\User\AppData\Local\AVAST Software\Browser\User Data\Crashpad\attachments\2109ee9f-68f1-4e9b-842f-1fa7d09526b4: The system cannot find the path specified. (0x3)
[1224/182424.569:ERROR:filesystem_win.cc(129)] GetFileAttributes C:\Users\User\AppData\Local\AVAST Software\Browser\User Data\Crashpad\attachments\d6639f82-978c-426a-8926-403965161f18: The system cannot find the path specified. (0x3)
[1224/182424.578:ERROR:filesystem_win.cc(129)] GetFileAttributes C:\Users\User\AppData\Local\AVAST Software\Browser\User Data\Crashpad\attachments\a8350a3e-b9da-4ade-8b6b-cc659d834071: The system cannot find the path specified. (0x3)
[1224/182424.588:ERROR:filesystem_win.cc(129)] GetFileAttributes C:\Users\User\AppData\Local\AVAST Software\Browser\User Data\Crashpad\attachments\40e7a7b0-b228-4b2a-887d-8a333d81b11d: The system cannot find the path specified. (0x3)
[1224/182424.597:ERROR:filesystem_win.cc(129)] GetFileAttributes C:\Users\User\AppData\Local\AVAST Software\Browser\User Data\Crashpad\attachments\f85bfb8a-d4aa-4f26-b422-891c1790fdca: The system cannot find the path specified. (0x3)
[1224/182424.607:ERROR:filesystem_win.cc(129)] GetFileAttributes C:\Users\User\AppData\Local\AVAST Software\Browser\User Data\Crashpad\attachments\fab45164-cb0d-4b1a-a716-2f7a62dab80b: The system cannot find the path specified. (0x3)
[1224/182424.618:ERROR:filesystem_win.cc(129)] GetFileAttributes C:\Users\User\AppData\Local\AVAST Software\Browser\User Data\Crashpad\attachments\79f0937e-782e-4426-a2ed-704c34564e72: The system cannot find the path specified. (0x3)
[1224/182424.641:ERROR:filesystem_win.cc(129)] GetFileAttributes C:\Users\User\AppData\Local\AVAST Software\Browser\User Data\Crashpad\attachments\cd9ce745-357f-4751-9dfb-d2e6ca03120f: The system cannot find the path specified. (0x3)
[1224/182424.651:ERROR:filesystem_win.cc(129)] GetFileAttributes C:\Users\User\AppData\Local\AVAST Software\Browser\User Data\Crashpad\attachments\61033a9f-5a2f-467e-bfc2-36237e648209: The system cannot find the path specified. (0x3)
[1224/182424.661:ERROR:filesystem_win.cc(129)] GetFileAttributes C:\Users\User\AppData\Local\AVAST Software\Browser\User Data\Crashpad\attachments\ce0e4961-36d1-4b7b-9d2f-a1bcbc93c536: The system cannot find the path specified. (0x3)
[1224/182424.670:ERROR:filesystem_win.cc(129)] GetFileAttributes C:\Users\User\AppData\Local\AVAST Software\Browser\User Data\Crashpad\attachments\89f5e2c7-5760-4714-b781-f89803f9f205: The system cannot find the path specified. (0x3)
[1224/182424.679:ERROR:filesystem_win.cc(129)] GetFileAttributes C:\Users\User\AppData\Local\AVAST Software\Browser\User Data\Crashpad\attachments\865a1994-64ac-462b-96bb-2738133bd091: The system cannot find the path specified. (0x3)
[1224/182424.691:ERROR:filesystem_win.cc(129)] GetFileAttributes C:\Users\User\AppData\Local\AVAST Software\Browser\User Data\Crashpad\attachments\a3024be8-2bdc-45b8-850f-2d6cbc99f0c8: The system cannot find the path specified. (0x3)
[1224/182424.700:ERROR:filesystem_win.cc(129)] GetFileAttributes C:\Users\User\AppData\Local\AVAST Software\Browser\User Data\Crashpad\attachments\2ebbf7d2-e0a9-4e35-a569-a8d69d5287c2: The system cannot find the path specified. (0x3)
[1224/182424.709:ERROR:filesystem_win.cc(129)] GetFileAttributes C:\Users\User\AppData\Local\AVAST Software\Browser\User Data\Crashpad\attachments\e3c33371-738e-48ab-a2d6-d552e778e8bd: The system cannot find the path specified. (0x3)
[1224/182424.717:ERROR:filesystem_win.cc(129)] GetFileAttributes C:\Users\User\AppData\Local\AVAST Software\Browser\User Data\Crashpad\attachments\fe74c96a-60f4-4701-ba92-9298b66455b8: The system cannot find the path specified. (0x3)
[1224/182424.726:ERROR:filesystem_win.cc(129)] GetFileAttributes C:\Users\User\AppData\Local\AVAST Software\Browser\User Data\Crashpad\attachments\c3669185-934f-4090-8ae9-168c3beaaac9: The system cannot find the path specified. (0x3)
[1224/182424.734:ERROR:filesystem_win.cc(129)] GetFileAttributes C:\Users\User\AppData\Local\AVAST Software\Browser\User Data\Crashpad\attachments\3d083b2d-f9c1-492d-aaf9-7c5bf7d7d6e4: The system cannot find the path specified. (0x3)
[1224/182424.742:ERROR:filesystem_win.cc(129)] GetFileAttributes C:\Users\User\AppData\Local\AVAST Software\Browser\User Data\Crashpad\attachments\259ca990-eaff-41ac-8ce6-c9a7ed9fc4b9: The system cannot find the path specified. (0x3)
[1224/182424.751:ERROR:filesystem_win.cc(129)] GetFileAttributes C:\Users\User\AppData\Local\AVAST Software\Browser\User Data\Crashpad\attachments\3bdd415f-ad42-42ca-aba9-9a2c90041ce1: The system cannot find the path specified. (0x3)
[1224/182424.762:ERROR:filesystem_win.cc(129)] GetFileAttributes C:\Users\User\AppData\Local\AVAST Software\Browser\User Data\Crashpad\attachments\a268a038-8390-477f-b291-b57678d279b8: The system cannot find the path specified. (0x3)
[1224/182424.772:ERROR:filesystem_win.cc(129)] GetFileAttributes C:\Users\User\AppData\Local\AVAST Software\Browser\User Data\Crashpad\attachments\2d7d3410-4523-42d4-844f-7a73d03ca9d9: The system cannot find the path specified. (0x3)
[1224/182424.779:ERROR:filesystem_win.cc(129)] GetFileAttributes C:\Users\User\AppData\Local\AVAST Software\Browser\User Data\Crashpad\attachments\72ad8a00-ee1c-4e74-a327-fab994465777: The system cannot find the path specified. (0x3)
[1224/182424.788:ERROR:filesystem_win.cc(129)] GetFileAttributes C:\Users\User\AppData\Local\AVAST Software\Browser\User Data\Crashpad\attachments\1441c18c-bef9-47d0-8861-4cbabb480f61: The system cannot find the path specified. (0x3)
[1224/182424.796:ERROR:filesystem_win.cc(129)] GetFileAttributes C:\Users\User\AppData\Local\AVAST Software\Browser\User Data\Crashpad\attachments\2dd67856-a028-459d-b7ea-972eec14b543: The system cannot find the path specified. (0x3)
[1224/182424.804:ERROR:filesystem_win.cc(129)] GetFileAttributes C:\Users\User\AppData\Local\AVAST Software\Browser\User Data\Crashpad\attachments\40dd1da5-b067-4ddf-a047-7c41cdec1ddf: The system cannot find the path specified. (0x3)
[1224/182424.813:ERROR:filesystem_win.cc(129)] GetFileAttributes C:\Users\User\AppData\Local\AVAST Software\Browser\User Data\Crashpad\attachments\1427c0db-abe0-482e-b8d5-4e41e0aa99a0: The system cannot find the path specified. (0x3)
[1224/182424.821:ERROR:filesystem_win.cc(129)] GetFileAttributes C:\Users\User\AppData\Local\AVAST Software\Browser\User Data\Crashpad\attachments\b3055dae-940c-4bb9-a8a6-e22c943f22e3: The system cannot find the path specified. (0x3)
[1224/182424.828:ERROR:filesystem_win.cc(129)] GetFileAttributes C:\Users\User\AppData\Local\AVAST Software\Browser\User Data\Crashpad\attachments\1c8c1660-1df4-44fe-922d-f1ed9f9a3c37: The system cannot find the path specified. (0x3)
[1224/182424.837:ERROR:filesystem_win.cc(129)] GetFileAttributes C:\Users\User\AppData\Local\AVAST Software\Browser\User Data\Crashpad\attachments\efa67f72-5369-4dc6-87a1-ac814eb584b7: The system cannot find the path specified. (0x3)
[1224/182424.845:ERROR:filesystem_win.cc(129)] GetFileAttributes C:\Users\User\AppData\Local\AVAST Software\Browser\User Data\Crashpad\attachments\6e495eb0-19c0-4821-8bb8-ac351cb70831: The system cannot find the path specified. (0x3)
[1224/182424.853:ERROR:filesystem_win.cc(129)] GetFileAttributes C:\Users\User\AppData\Local\AVAST Software\Browser\User Data\Crashpad\attachments\2aa22ae5-585f-43d1-8eca-70a28550398e: The system cannot find the path specified. (0x3)
[1224/182424.863:ERROR:filesystem_win.cc(129)] GetFileAttributes C:\Users\User\AppData\Local\AVAST Software\Browser\User Data\Crashpad\attachments\6140d6e1-fe5b-48da-87d1-6bb4b3ce08da: The system cannot find the path specified. (0x3)
[1224/182424.870:ERROR:filesystem_win.cc(129)] GetFileAttributes C:\Users\User\AppData\Local\AVAST Software\Browser\User Data\Crashpad\attachments\59ddbd3e-c027-4372-b20d-0e64e16e9ec2: The system cannot find the path specified. (0x3)
[1224/182424.878:ERROR:filesystem_win.cc(129)] GetFileAttributes C:\Users\User\AppData\Local\AVAST Software\Browser\User Data\Crashpad\attachments\de57b0b4-2545-4dd0-b316-f7c77ed4ea74: The system cannot find the path specified. (0x3)
[1224/182424.887:ERROR:filesystem_win.cc(129)] GetFileAttributes C:\Users\User\AppData\Local\AVAST Software\Browser\User Data\Crashpad\attachments\dfbfce4c-d755-45db-99e5-68d1495a13e1: The system cannot find the path specified. (0x3)
[1224/182424.894:ERROR:filesystem_win.cc(129)] GetFileAttributes C:\Users\User\AppData\Local\AVAST Software\Browser\User Data\Crashpad\attachments\21ee1709-cf2d-4d25-b98c-8e49e3b5c7e3: The system cannot find the path specified. (0x3)
[1224/182424.901:ERROR:filesystem_win.cc(129)] GetFileAttributes C:\Users\User\AppData\Local\AVAST Software\Browser\User Data\Crashpad\attachments\25750c76-18ec-4694-97ce-4a3668b1edc5: The system cannot find the path specified. (0x3)
[1224/182424.909:ERROR:filesystem_win.cc(129)] GetFileAttributes C:\Users\User\AppData\Local\AVAST Software\Browser\User Data\Crashpad\attachments\1c4f2898-55cf-44ea-aa38-c6cf88e84557: The system cannot find the path specified. (0x3)
[1224/182424.916:ERROR:filesystem_win.cc(129)] GetFileAttributes C:\Users\User\AppData\Local\AVAST Software\Browser\User Data\Crashpad\attachments\9c748e96-0696-4e0e-8c9f-a0cb8c5f58cc: The system cannot find the path specified. (0x3)
[1224/182424.951:ERROR:filesystem_win.cc(129)] GetFileAttributes C:\Users\User\AppData\Local\AVAST Software\Browser\User Data\Crashpad\attachments\d44518e4-0eab-4a08-85ad-0acd6843a488: The system cannot find the path specified. (0x3)
[1224/182424.958:ERROR:filesystem_win.cc(129)] GetFileAttributes C:\Users\User\AppData\Local\AVAST Software\Browser\User Data\Crashpad\attachments\4c70444c-b750-4377-9943-06b193c833af: The system cannot find the path specified. (0x3)
[1224/182424.966:ERROR:filesystem_win.cc(129)] GetFileAttributes C:\Users\User\AppData\Local\AVAST Software\Browser\User Data\Crashpad\attachments\7fc02e67-c439-4d7b-a014-74f9971d1257: The system cannot find the path specified. (0x3)
[1224/182424.973:ERROR:filesystem_win.cc(129)] GetFileAttributes C:\Users\User\AppData\Local\AVAST Software\Browser\User Data\Crashpad\attachments\7aa5f2a4-8224-4c41-83ca-034a8451cf2d: The system cannot find the path specified. (0x3)
[1224/182424.980:ERROR:filesystem_win.cc(129)] GetFileAttributes C:\Users\User\AppData\Local\AVAST Software\Browser\User Data\Crashpad\attachments\4a0ff9b0-1bfc-47c3-8f0e-0005e043f430: The system cannot find the path specified. (0x3)
[1224/182424.987:ERROR:filesystem_win.cc(129)] GetFileAttributes C:\Users\User\AppData\Local\AVAST Software\Browser\User Data\Crashpad\attachments\e731aae0-c9c0-4c27-af5f-3b49e983620c: The system cannot find the path specified. (0x3)
[1224/182424.994:ERROR:filesystem_win.cc(129)] GetFileAttributes C:\Users\User\AppData\Local\AVAST Software\Browser\User Data\Crashpad\attachments\ff407f59-99b3-44d6-8c53-bfc829b07548: The system cannot find the path specified. (0x3)
[1224/182425.001:ERROR:filesystem_win.cc(129)] GetFileAttributes C:\Users\User\AppData\Local\AVAST Software\Browser\User Data\Crashpad\attachments\5fe489c0-586b-4592-a641-d38408b9abbe: The system cannot find the path specified. (0x3)
[1224/182425.008:ERROR:filesystem_win.cc(129)] GetFileAttributes C:\Users\User\AppData\Local\AVAST Software\Browser\User Data\Crashpad\attachments\362b99b8-4ba4-4beb-910a-ee6be8c7e661: The system cannot find the path specified. (0x3)
[1224/182425.017:ERROR:filesystem_win.cc(129)] GetFileAttributes C:\Users\User\AppData\Local\AVAST Software\Browser\User Data\Crashpad\attachments\5fb109ca-9cc1-4786-a3f6-6957284026ae: The system cannot find the path specified. (0x3)
[1224/182425.028:ERROR:filesystem_win.cc(129)] GetFileAttributes C:\Users\User\AppData\Local\AVAST Software\Browser\User Data\Crashpad\attachments\0a23d191-edc3-479d-badd-44f56a9e2ae3: The system cannot find the path specified. (0x3)
[1224/182425.035:ERROR:filesystem_win.cc(129)] GetFileAttributes C:\Users\User\AppData\Local\AVAST Software\Browser\User Data\Crashpad\attachments\70598920-2072-4080-821f-697ea10ffe80: The system cannot find the path specified. (0x3)
